[debug] [2024-06-02T18:42:21.808Z] ----------------------------------------------------------------------
[debug] [2024-06-02T18:42:21.811Z] Command:       C:\Program Files\nodejs\node.exe C:\Users\avila\AppData\Roaming\npm\node_modules\firebase-tools\lib\bin\firebase.js emulators:start
[debug] [2024-06-02T18:42:21.811Z] CLI Version:   13.10.0
[debug] [2024-06-02T18:42:21.812Z] Platform:      win32
[debug] [2024-06-02T18:42:21.812Z] Node Version:  v20.13.1
[debug] [2024-06-02T18:42:21.812Z] Time:          Sun Jun 02 2024 13:42:21 GMT-0500 (Central Daylight Time)
[debug] [2024-06-02T18:42:21.812Z] ----------------------------------------------------------------------
[debug] 
[debug] [2024-06-02T18:42:21.890Z] > command requires scopes: ["email","openid","https://www.googleapis.com/auth/cloudplatformprojects.readonly","https://www.googleapis.com/auth/firebase","https://www.googleapis.com/auth/cloud-platform"]
[debug] [2024-06-02T18:42:21.891Z] > authorizing via signed-in user (peteravila622@gmail.com)
[info] i  emulators: Starting emulators: functions, hosting {"metadata":{"emulator":{"name":"hub"},"message":"Starting emulators: functions, hosting"}}
[debug] [2024-06-02T18:42:21.906Z] [logging] Logging Emulator only supports listening on one address (127.0.0.1). Not listening on ::1
[debug] [2024-06-02T18:42:21.906Z] [hosting] Hosting Emulator only supports listening on one address (127.0.0.1). Not listening on ::1
[debug] [2024-06-02T18:42:21.906Z] assigned listening specs for emulators {"user":{"hub":[{"address":"127.0.0.1","family":"IPv4","port":4400},{"address":"::1","family":"IPv6","port":4400}],"ui":[{"address":"127.0.0.1","family":"IPv4","port":4000},{"address":"::1","family":"IPv6","port":4000}],"logging":[{"address":"127.0.0.1","family":"IPv4","port":4500}],"hosting":[{"address":"127.0.0.1","family":"IPv4","port":5000}]},"metadata":{"message":"assigned listening specs for emulators"}}
[debug] [2024-06-02T18:42:21.909Z] [hub] writing locator at C:\Users\avila\AppData\Local\Temp\hub-challenge-58bbd.json
[debug] [2024-06-02T18:42:21.925Z] [functions] Functions Emulator only supports listening on one address (127.0.0.1). Not listening on ::1
[debug] [2024-06-02T18:42:21.926Z] [eventarc] Eventarc Emulator only supports listening on one address (127.0.0.1). Not listening on ::1
[debug] [2024-06-02T18:42:21.926Z] late-assigned ports for functions and eventarc emulators {"user":{"hub":[{"address":"127.0.0.1","family":"IPv4","port":4400},{"address":"::1","family":"IPv6","port":4400}],"ui":[{"address":"127.0.0.1","family":"IPv4","port":4000},{"address":"::1","family":"IPv6","port":4000}],"logging":[{"address":"127.0.0.1","family":"IPv4","port":4500}],"hosting":[{"address":"127.0.0.1","family":"IPv4","port":5000}],"functions":[{"address":"127.0.0.1","family":"IPv4","port":5001}],"eventarc":[{"address":"127.0.0.1","family":"IPv4","port":9299}]},"metadata":{"message":"late-assigned ports for functions and eventarc emulators"}}
[warn] !  functions: The following emulators are not running, calls to these services from the Functions emulator will affect production: auth, firestore, database, pubsub, storage, dataconnect {"metadata":{"emulator":{"name":"functions"},"message":"The following emulators are not running, calls to these services from the Functions emulator will affect production: \u001b[1mauth, firestore, database, pubsub, storage, dataconnect\u001b[22m"}}
[debug] [2024-06-02T18:42:21.929Z] defaultcredentials: writing to file C:\Users\avila\AppData\Roaming\firebase\peteravila622_gmail_com_application_default_credentials.json
[debug] [2024-06-02T18:42:21.930Z] Setting GAC to C:\Users\avila\AppData\Roaming\firebase\peteravila622_gmail_com_application_default_credentials.json {"metadata":{"emulator":{"name":"functions"},"message":"Setting GAC to C:\\Users\\avila\\AppData\\Roaming\\firebase\\peteravila622_gmail_com_application_default_credentials.json"}}
[debug] [2024-06-02T18:42:21.932Z] >>> [apiv2][query] GET https://firebase.googleapis.com/v1beta1/projects/challenge-58bbd/adminSdkConfig [none]
[debug] [2024-06-02T18:42:22.172Z] <<< [apiv2][status] GET https://firebase.googleapis.com/v1beta1/projects/challenge-58bbd/adminSdkConfig 200
[debug] [2024-06-02T18:42:22.173Z] <<< [apiv2][body] GET https://firebase.googleapis.com/v1beta1/projects/challenge-58bbd/adminSdkConfig {"projectId":"challenge-58bbd","storageBucket":"challenge-58bbd.appspot.com"}
[debug] [2024-06-02T18:42:22.182Z] >>> [apiv2][query] GET https://firebasehosting.googleapis.com/v1beta1/projects/challenge-58bbd/sites 
[debug] [2024-06-02T18:42:22.476Z] <<< [apiv2][status] GET https://firebasehosting.googleapis.com/v1beta1/projects/challenge-58bbd/sites 200
[debug] [2024-06-02T18:42:22.477Z] <<< [apiv2][body] GET https://firebasehosting.googleapis.com/v1beta1/projects/challenge-58bbd/sites {"sites":[{"name":"projects/challenge-58bbd/sites/challenge-58bbd","defaultUrl":"https://challenge-58bbd.web.app","appId":"1:932787771795:web:e9da266ac3e30e5c763066","type":"DEFAULT_SITE"}]}
[debug] [2024-06-02T18:42:22.477Z] >>> [apiv2][query] GET https://firebase.googleapis.com/v1beta1/projects/challenge-58bbd/webApps/1:932787771795:web:e9da266ac3e30e5c763066/config [none]
[debug] [2024-06-02T18:42:22.695Z] <<< [apiv2][status] GET https://firebase.googleapis.com/v1beta1/projects/challenge-58bbd/webApps/1:932787771795:web:e9da266ac3e30e5c763066/config 200
[debug] [2024-06-02T18:42:22.695Z] <<< [apiv2][body] GET https://firebase.googleapis.com/v1beta1/projects/challenge-58bbd/webApps/1:932787771795:web:e9da266ac3e30e5c763066/config {"projectId":"challenge-58bbd","appId":"1:932787771795:web:e9da266ac3e30e5c763066","storageBucket":"challenge-58bbd.appspot.com","apiKey":"AIzaSyBUv9rbKzudGZKGLjCN8mQwAU6kwp9jguc","authDomain":"challenge-58bbd.firebaseapp.com","messagingSenderId":"932787771795"}
[debug] [2024-06-02T18:42:22.699Z] >>> [apiv2][query] GET https://firebase.googleapis.com/v1beta1/projects/challenge-58bbd [none]
[debug] [2024-06-02T18:42:22.853Z] <<< [apiv2][status] GET https://firebase.googleapis.com/v1beta1/projects/challenge-58bbd 200
[debug] [2024-06-02T18:42:22.853Z] <<< [apiv2][body] GET https://firebase.googleapis.com/v1beta1/projects/challenge-58bbd {"projectId":"challenge-58bbd","projectNumber":"932787771795","displayName":"amazon-challenge","name":"projects/challenge-58bbd","resources":{"hostingSite":"challenge-58bbd"},"state":"ACTIVE","etag":"1_db4f5985-6f79-4518-b4b8-922d04930427"}
[info] i  hosting[challenge-58bbd]: Serving hosting files from: build {"metadata":{"emulator":{"name":"hosting"},"message":"Serving hosting files from: \u001b[1mbuild\u001b[22m"}}
[info] +  hosting[challenge-58bbd]: Local server: http://127.0.0.1:5000 {"metadata":{"emulator":{"name":"hosting"},"message":"Local server: \u001b[4m\u001b[1mhttp://127.0.0.1:5000\u001b[22m\u001b[24m"}}
[debug] [2024-06-02T18:42:22.868Z] Ignoring unsupported arg: auto_download {"metadata":{"emulator":{"name":"ui"},"message":"Ignoring unsupported arg: auto_download"}}
[debug] [2024-06-02T18:42:22.868Z] Ignoring unsupported arg: port {"metadata":{"emulator":{"name":"ui"},"message":"Ignoring unsupported arg: port"}}
[debug] [2024-06-02T18:42:22.868Z] Starting Emulator UI with command {"binary":"node","args":["C:\\Users\\avila\\.cache\\firebase\\emulators\\ui-v1.12.1\\server\\server.mjs"],"optionalArgs":[],"joinArgs":false,"shell":false} {"metadata":{"emulator":{"name":"ui"},"message":"Starting Emulator UI with command {\"binary\":\"node\",\"args\":[\"C:\\\\Users\\\\avila\\\\.cache\\\\firebase\\\\emulators\\\\ui-v1.12.1\\\\server\\\\server.mjs\"],\"optionalArgs\":[],\"joinArgs\":false,\"shell\":false}"}}
[info] i  ui: Emulator UI logging to ui-debug.log {"metadata":{"emulator":{"name":"ui"},"message":"Emulator UI logging to \u001b[1mui-debug.log\u001b[22m"}}
[debug] [2024-06-02T18:42:22.998Z] Web / API server started at 127.0.0.1:4000
 {"metadata":{"emulator":{"name":"ui"},"message":"Web / API server started at 127.0.0.1:4000\n"}}
[debug] [2024-06-02T18:42:22.998Z] Web / API server started at ::1:4000
 {"metadata":{"emulator":{"name":"ui"},"message":"Web / API server started at ::1:4000\n"}}
[info] i  functions: Watching "C:\Users\avila\Documents\GitHub\Amazon\amazon-clone\functions" for Cloud Functions... {"metadata":{"emulator":{"name":"functions"},"message":"Watching \"C:\\Users\\avila\\Documents\\GitHub\\Amazon\\amazon-clone\\functions\" for Cloud Functions..."}}
[debug] [2024-06-02T18:42:23.089Z] Validating nodejs source
[debug] [2024-06-02T18:42:24.180Z] > [functions] package.json contents: {
  "name": "functions",
  "description": "Cloud Functions for Firebase",
  "scripts": {
    "lint": "eslint .",
    "serve": "firebase emulators:start --only functions",
    "shell": "firebase functions:shell",
    "start": "npm run shell",
    "deploy": "firebase deploy --only functions",
    "logs": "firebase functions:log"
  },
  "engines": {
    "node": "18"
  },
  "main": "index.js",
  "dependencies": {
    "cors": "^2.8.5",
    "express": "^4.19.2",
    "firebase-admin": "^12.1.0",
    "firebase-functions": "^5.0.0",
    "stripe": "^15.8.0"
  },
  "devDependencies": {
    "eslint": "^8.15.0",
    "eslint-config-google": "^0.14.0",
    "firebase-functions-test": "^3.1.0"
  },
  "private": true
}
[debug] [2024-06-02T18:42:24.180Z] Building nodejs source
[debug] [2024-06-02T18:42:24.180Z] Failed to find version of module node: reached end of search path C:\Users\avila\Documents\GitHub\Amazon\amazon-clone\functions\node_modules
[warn] !  functions: Your requested "node" version "18" doesn't match your global version "20". Using node@20 from host. 
[debug] [2024-06-02T18:42:24.182Z] Could not find functions.yaml. Must use http discovery
[debug] [2024-06-02T18:42:24.188Z] Found firebase-functions binary at 'C:\Users\avila\Documents\GitHub\Amazon\amazon-clone\functions\node_modules\.bin\firebase-functions'
[info] Serving at port 8825

[debug] [2024-06-02T18:42:24.751Z] Got response from /__/functions.yaml {"endpoints":{"api":{"platform":"gcfv1","availableMemoryMb":null,"timeoutSeconds":null,"minInstances":null,"maxInstances":null,"ingressSettings":null,"serviceAccountEmail":null,"vpc":null,"httpsTrigger":{},"entryPoint":"api"}},"specVersion":"v1alpha1","requiredAPIs":[]}
[info] +  functions: Loaded functions definitions from source: api. {"metadata":{"emulator":{"name":"functions"},"message":"Loaded functions definitions from source: api."}}
[info] +  functions[us-central1-api]: http function initialized (http://127.0.0.1:5001/challenge-58bbd/us-central1/api). {"metadata":{"emulator":{"name":"functions"},"message":"\u001b[1mhttp\u001b[22m function initialized (http://127.0.0.1:5001/challenge-58bbd/us-central1/api)."}}
[info] 
┌─────────────────────────────────────────────────────────────┐
│ ✔  All emulators ready! It is now safe to connect your app. │
│ i  View Emulator UI at http://127.0.0.1:4000/               │
└─────────────────────────────────────────────────────────────┘

┌───────────┬────────────────┬─────────────────────────────────┐
│ Emulator  │ Host:Port      │ View in Emulator UI             │
├───────────┼────────────────┼─────────────────────────────────┤
│ Functions │ 127.0.0.1:5001 │ http://127.0.0.1:4000/functions │
├───────────┼────────────────┼─────────────────────────────────┤
│ Hosting   │ 127.0.0.1:5000 │ n/a                             │
└───────────┴────────────────┴─────────────────────────────────┘
  Emulator Hub running at 127.0.0.1:4400
  Other reserved ports: 4500

Issues? Report them at https://github.com/firebase/firebase-tools/issues and attach the *-debug.log files.
 
[debug] [2024-06-02T18:42:56.818Z] [work-queue] {"queuedWork":["/challenge-58bbd/us-central1/api/payments/create-2024-06-02T18:42:56.818Z"],"queueLength":1,"runningWork":[],"workRunningCount":0}
[debug] [2024-06-02T18:42:56.819Z] [work-queue] {"queuedWork":[],"queueLength":0,"runningWork":["/challenge-58bbd/us-central1/api/payments/create-2024-06-02T18:42:56.818Z"],"workRunningCount":1}
[debug] [2024-06-02T18:42:56.819Z] Accepted request POST /challenge-58bbd/us-central1/api/payments/create?total=94899 --> us-central1-api
[debug] [2024-06-02T18:42:56.819Z] [functions] Runtime ready! Sending request! {"metadata":{"emulator":{"name":"functions"},"message":"[functions] Runtime ready! Sending request!"}}
[debug] [2024-06-02T18:42:56.820Z] [functions] Got req.url=/challenge-58bbd/us-central1/api/payments/create?total=94899, mapping to path=/payments/create?total=94899 {"metadata":{"emulator":{"name":"functions"},"message":"[functions] Got req.url=/challenge-58bbd/us-central1/api/payments/create?total=94899, mapping to path=/payments/create?total=94899"}}
[debug] [2024-06-02T18:42:56.827Z] [worker-pool] addWorker(us-central1-api) {"metadata":{"emulator":{"name":"functions"},"message":"[worker-pool] addWorker(us-central1-api)"}}
[debug] [2024-06-02T18:42:56.828Z] [worker-pool] Adding worker with key us-central1-api, total=1 {"metadata":{"emulator":{"name":"functions"},"message":"[worker-pool] Adding worker with key us-central1-api, total=1"}}
[debug] [2024-06-02T18:42:56.831Z] [work-queue] {"queuedWork":["/challenge-58bbd/us-central1/api/payments/create-2024-06-02T18:42:56.831Z"],"queueLength":1,"runningWork":["/challenge-58bbd/us-central1/api/payments/create-2024-06-02T18:42:56.818Z"],"workRunningCount":1}
[debug] [2024-06-02T18:42:56.831Z] [work-queue] {"queuedWork":[],"queueLength":0,"runningWork":["/challenge-58bbd/us-central1/api/payments/create-2024-06-02T18:42:56.818Z","/challenge-58bbd/us-central1/api/payments/create-2024-06-02T18:42:56.831Z"],"workRunningCount":2}
[debug] [2024-06-02T18:42:56.831Z] Accepted request POST /challenge-58bbd/us-central1/api/payments/create?total=94899 --> us-central1-api
[debug] [2024-06-02T18:42:56.831Z] [functions] Runtime ready! Sending request! {"metadata":{"emulator":{"name":"functions"},"message":"[functions] Runtime ready! Sending request!"}}
[debug] [2024-06-02T18:42:56.831Z] [functions] Got req.url=/challenge-58bbd/us-central1/api/payments/create?total=94899, mapping to path=/payments/create?total=94899 {"metadata":{"emulator":{"name":"functions"},"message":"[functions] Got req.url=/challenge-58bbd/us-central1/api/payments/create?total=94899, mapping to path=/payments/create?total=94899"}}
[debug] [2024-06-02T18:42:56.837Z] [worker-pool] addWorker(us-central1-api) {"metadata":{"emulator":{"name":"functions"},"message":"[worker-pool] addWorker(us-central1-api)"}}
[debug] [2024-06-02T18:42:56.837Z] [worker-pool] Adding worker with key us-central1-api, total=2 {"metadata":{"emulator":{"name":"functions"},"message":"[worker-pool] Adding worker with key us-central1-api, total=2"}}
[debug] [2024-06-02T18:42:57.991Z] [runtime-status] [21672] Resolved module firebase-admin {"declared":true,"installed":true,"version":"12.1.1","resolution":"C:\\Users\\avila\\Documents\\GitHub\\Amazon\\amazon-clone\\functions\\node_modules\\firebase-admin\\lib\\index.js"} {"metadata":{"emulator":{"name":"functions"},"function":{"name":"us-central1-api"},"extension":{},"message":"[runtime-status] [21672] Resolved module firebase-admin {\"declared\":true,\"installed\":true,\"version\":\"12.1.1\",\"resolution\":\"C:\\\\Users\\\\avila\\\\Documents\\\\GitHub\\\\Amazon\\\\amazon-clone\\\\functions\\\\node_modules\\\\firebase-admin\\\\lib\\\\index.js\"}"}}
[debug] [2024-06-02T18:42:57.992Z] [runtime-status] [21672] Resolved module firebase-functions {"declared":true,"installed":true,"version":"5.0.1","resolution":"C:\\Users\\avila\\Documents\\GitHub\\Amazon\\amazon-clone\\functions\\node_modules\\firebase-functions\\lib\\v1\\index.js"} {"metadata":{"emulator":{"name":"functions"},"function":{"name":"us-central1-api"},"extension":{},"message":"[runtime-status] [21672] Resolved module firebase-functions {\"declared\":true,\"installed\":true,\"version\":\"5.0.1\",\"resolution\":\"C:\\\\Users\\\\avila\\\\Documents\\\\GitHub\\\\Amazon\\\\amazon-clone\\\\functions\\\\node_modules\\\\firebase-functions\\\\lib\\\\v1\\\\index.js\"}"}}
[debug] [2024-06-02T18:42:57.993Z] [runtime-status] [21672] Outgoing network have been stubbed. [{"name":"http","status":"mocked"},{"name":"http","status":"mocked"},{"name":"https","status":"mocked"},{"name":"https","status":"mocked"},{"name":"net","status":"mocked"}] {"metadata":{"emulator":{"name":"functions"},"function":{"name":"us-central1-api"},"extension":{},"message":"[runtime-status] [21672] Outgoing network have been stubbed. [{\"name\":\"http\",\"status\":\"mocked\"},{\"name\":\"http\",\"status\":\"mocked\"},{\"name\":\"https\",\"status\":\"mocked\"},{\"name\":\"https\",\"status\":\"mocked\"},{\"name\":\"net\",\"status\":\"mocked\"}]"}}
[debug] [2024-06-02T18:42:57.993Z] [runtime-status] [21672] Resolved module firebase-functions {"declared":true,"installed":true,"version":"5.0.1","resolution":"C:\\Users\\avila\\Documents\\GitHub\\Amazon\\amazon-clone\\functions\\node_modules\\firebase-functions\\lib\\v1\\index.js"} {"metadata":{"emulator":{"name":"functions"},"function":{"name":"us-central1-api"},"extension":{},"message":"[runtime-status] [21672] Resolved module firebase-functions {\"declared\":true,\"installed\":true,\"version\":\"5.0.1\",\"resolution\":\"C:\\\\Users\\\\avila\\\\Documents\\\\GitHub\\\\Amazon\\\\amazon-clone\\\\functions\\\\node_modules\\\\firebase-functions\\\\lib\\\\v1\\\\index.js\"}"}}
[debug] [2024-06-02T18:42:57.994Z] [runtime-status] [21468] Resolved module firebase-admin {"declared":true,"installed":true,"version":"12.1.1","resolution":"C:\\Users\\avila\\Documents\\GitHub\\Amazon\\amazon-clone\\functions\\node_modules\\firebase-admin\\lib\\index.js"} {"metadata":{"emulator":{"name":"functions"},"function":{"name":"us-central1-api"},"extension":{},"message":"[runtime-status] [21468] Resolved module firebase-admin {\"declared\":true,\"installed\":true,\"version\":\"12.1.1\",\"resolution\":\"C:\\\\Users\\\\avila\\\\Documents\\\\GitHub\\\\Amazon\\\\amazon-clone\\\\functions\\\\node_modules\\\\firebase-admin\\\\lib\\\\index.js\"}"}}
[debug] [2024-06-02T18:42:57.995Z] [runtime-status] [21468] Resolved module firebase-functions {"declared":true,"installed":true,"version":"5.0.1","resolution":"C:\\Users\\avila\\Documents\\GitHub\\Amazon\\amazon-clone\\functions\\node_modules\\firebase-functions\\lib\\v1\\index.js"} {"metadata":{"emulator":{"name":"functions"},"function":{"name":"us-central1-api"},"extension":{},"message":"[runtime-status] [21468] Resolved module firebase-functions {\"declared\":true,\"installed\":true,\"version\":\"5.0.1\",\"resolution\":\"C:\\\\Users\\\\avila\\\\Documents\\\\GitHub\\\\Amazon\\\\amazon-clone\\\\functions\\\\node_modules\\\\firebase-functions\\\\lib\\\\v1\\\\index.js\"}"}}
[debug] [2024-06-02T18:42:57.996Z] [runtime-status] [21468] Outgoing network have been stubbed. [{"name":"http","status":"mocked"},{"name":"http","status":"mocked"},{"name":"https","status":"mocked"},{"name":"https","status":"mocked"},{"name":"net","status":"mocked"}] {"metadata":{"emulator":{"name":"functions"},"function":{"name":"us-central1-api"},"extension":{},"message":"[runtime-status] [21468] Outgoing network have been stubbed. [{\"name\":\"http\",\"status\":\"mocked\"},{\"name\":\"http\",\"status\":\"mocked\"},{\"name\":\"https\",\"status\":\"mocked\"},{\"name\":\"https\",\"status\":\"mocked\"},{\"name\":\"net\",\"status\":\"mocked\"}]"}}
[debug] [2024-06-02T18:42:57.996Z] [runtime-status] [21468] Resolved module firebase-functions {"declared":true,"installed":true,"version":"5.0.1","resolution":"C:\\Users\\avila\\Documents\\GitHub\\Amazon\\amazon-clone\\functions\\node_modules\\firebase-functions\\lib\\v1\\index.js"} {"metadata":{"emulator":{"name":"functions"},"function":{"name":"us-central1-api"},"extension":{},"message":"[runtime-status] [21468] Resolved module firebase-functions {\"declared\":true,\"installed\":true,\"version\":\"5.0.1\",\"resolution\":\"C:\\\\Users\\\\avila\\\\Documents\\\\GitHub\\\\Amazon\\\\amazon-clone\\\\functions\\\\node_modules\\\\firebase-functions\\\\lib\\\\v1\\\\index.js\"}"}}
[debug] [2024-06-02T18:42:58.237Z] [runtime-status] [21672] Checked functions.config() {"config":{}} {"metadata":{"emulator":{"name":"functions"},"function":{"name":"us-central1-api"},"extension":{},"message":"[runtime-status] [21672] Checked functions.config() {\"config\":{}}"}}
[debug] [2024-06-02T18:42:58.238Z] [runtime-status] [21672] firebase-functions has been stubbed. {"functionsResolution":{"declared":true,"installed":true,"version":"5.0.1","resolution":"C:\\Users\\avila\\Documents\\GitHub\\Amazon\\amazon-clone\\functions\\node_modules\\firebase-functions\\lib\\v1\\index.js"}} {"metadata":{"emulator":{"name":"functions"},"function":{"name":"us-central1-api"},"extension":{},"message":"[runtime-status] [21672] firebase-functions has been stubbed. {\"functionsResolution\":{\"declared\":true,\"installed\":true,\"version\":\"5.0.1\",\"resolution\":\"C:\\\\Users\\\\avila\\\\Documents\\\\GitHub\\\\Amazon\\\\amazon-clone\\\\functions\\\\node_modules\\\\firebase-functions\\\\lib\\\\v1\\\\index.js\"}}"}}
[debug] [2024-06-02T18:42:58.238Z] [runtime-status] [21672] Resolved module firebase-functions {"declared":true,"installed":true,"version":"5.0.1","resolution":"C:\\Users\\avila\\Documents\\GitHub\\Amazon\\amazon-clone\\functions\\node_modules\\firebase-functions\\lib\\v1\\index.js"} {"metadata":{"emulator":{"name":"functions"},"function":{"name":"us-central1-api"},"extension":{},"message":"[runtime-status] [21672] Resolved module firebase-functions {\"declared\":true,\"installed\":true,\"version\":\"5.0.1\",\"resolution\":\"C:\\\\Users\\\\avila\\\\Documents\\\\GitHub\\\\Amazon\\\\amazon-clone\\\\functions\\\\node_modules\\\\firebase-functions\\\\lib\\\\v1\\\\index.js\"}"}}
[debug] [2024-06-02T18:42:58.239Z] [runtime-status] [21672] Resolved module firebase-admin {"declared":true,"installed":true,"version":"12.1.1","resolution":"C:\\Users\\avila\\Documents\\GitHub\\Amazon\\amazon-clone\\functions\\node_modules\\firebase-admin\\lib\\index.js"} {"metadata":{"emulator":{"name":"functions"},"function":{"name":"us-central1-api"},"extension":{},"message":"[runtime-status] [21672] Resolved module firebase-admin {\"declared\":true,\"installed\":true,\"version\":\"12.1.1\",\"resolution\":\"C:\\\\Users\\\\avila\\\\Documents\\\\GitHub\\\\Amazon\\\\amazon-clone\\\\functions\\\\node_modules\\\\firebase-admin\\\\lib\\\\index.js\"}"}}
[debug] [2024-06-02T18:42:58.241Z] [runtime-status] [21468] Checked functions.config() {"config":{}} {"metadata":{"emulator":{"name":"functions"},"function":{"name":"us-central1-api"},"extension":{},"message":"[runtime-status] [21468] Checked functions.config() {\"config\":{}}"}}
[debug] [2024-06-02T18:42:58.241Z] [runtime-status] [21468] firebase-functions has been stubbed. {"functionsResolution":{"declared":true,"installed":true,"version":"5.0.1","resolution":"C:\\Users\\avila\\Documents\\GitHub\\Amazon\\amazon-clone\\functions\\node_modules\\firebase-functions\\lib\\v1\\index.js"}} {"metadata":{"emulator":{"name":"functions"},"function":{"name":"us-central1-api"},"extension":{},"message":"[runtime-status] [21468] firebase-functions has been stubbed. {\"functionsResolution\":{\"declared\":true,\"installed\":true,\"version\":\"5.0.1\",\"resolution\":\"C:\\\\Users\\\\avila\\\\Documents\\\\GitHub\\\\Amazon\\\\amazon-clone\\\\functions\\\\node_modules\\\\firebase-functions\\\\lib\\\\v1\\\\index.js\"}}"}}
[debug] [2024-06-02T18:42:58.242Z] [runtime-status] [21468] Resolved module firebase-functions {"declared":true,"installed":true,"version":"5.0.1","resolution":"C:\\Users\\avila\\Documents\\GitHub\\Amazon\\amazon-clone\\functions\\node_modules\\firebase-functions\\lib\\v1\\index.js"} {"metadata":{"emulator":{"name":"functions"},"function":{"name":"us-central1-api"},"extension":{},"message":"[runtime-status] [21468] Resolved module firebase-functions {\"declared\":true,\"installed\":true,\"version\":\"5.0.1\",\"resolution\":\"C:\\\\Users\\\\avila\\\\Documents\\\\GitHub\\\\Amazon\\\\amazon-clone\\\\functions\\\\node_modules\\\\firebase-functions\\\\lib\\\\v1\\\\index.js\"}"}}
[debug] [2024-06-02T18:42:58.242Z] [runtime-status] [21672] Resolved module firebase-functions {"declared":true,"installed":true,"version":"5.0.1","resolution":"C:\\Users\\avila\\Documents\\GitHub\\Amazon\\amazon-clone\\functions\\node_modules\\firebase-functions\\lib\\v1\\index.js"} {"metadata":{"emulator":{"name":"functions"},"function":{"name":"us-central1-api"},"extension":{},"message":"[runtime-status] [21672] Resolved module firebase-functions {\"declared\":true,\"installed\":true,\"version\":\"5.0.1\",\"resolution\":\"C:\\\\Users\\\\avila\\\\Documents\\\\GitHub\\\\Amazon\\\\amazon-clone\\\\functions\\\\node_modules\\\\firebase-functions\\\\lib\\\\v1\\\\index.js\"}"}}
[debug] [2024-06-02T18:42:58.243Z] [runtime-status] [21672] firebase-admin has been stubbed. {"adminResolution":{"declared":true,"installed":true,"version":"12.1.1","resolution":"C:\\Users\\avila\\Documents\\GitHub\\Amazon\\amazon-clone\\functions\\node_modules\\firebase-admin\\lib\\index.js"}} {"metadata":{"emulator":{"name":"functions"},"function":{"name":"us-central1-api"},"extension":{},"message":"[runtime-status] [21672] firebase-admin has been stubbed. {\"adminResolution\":{\"declared\":true,\"installed\":true,\"version\":\"12.1.1\",\"resolution\":\"C:\\\\Users\\\\avila\\\\Documents\\\\GitHub\\\\Amazon\\\\amazon-clone\\\\functions\\\\node_modules\\\\firebase-admin\\\\lib\\\\index.js\"}}"}}
[debug] [2024-06-02T18:42:58.243Z] [runtime-status] [21468] Resolved module firebase-admin {"declared":true,"installed":true,"version":"12.1.1","resolution":"C:\\Users\\avila\\Documents\\GitHub\\Amazon\\amazon-clone\\functions\\node_modules\\firebase-admin\\lib\\index.js"} {"metadata":{"emulator":{"name":"functions"},"function":{"name":"us-central1-api"},"extension":{},"message":"[runtime-status] [21468] Resolved module firebase-admin {\"declared\":true,\"installed\":true,\"version\":\"12.1.1\",\"resolution\":\"C:\\\\Users\\\\avila\\\\Documents\\\\GitHub\\\\Amazon\\\\amazon-clone\\\\functions\\\\node_modules\\\\firebase-admin\\\\lib\\\\index.js\"}"}}
[debug] [2024-06-02T18:42:58.245Z] [runtime-status] [21468] Resolved module firebase-functions {"declared":true,"installed":true,"version":"5.0.1","resolution":"C:\\Users\\avila\\Documents\\GitHub\\Amazon\\amazon-clone\\functions\\node_modules\\firebase-functions\\lib\\v1\\index.js"} {"metadata":{"emulator":{"name":"functions"},"function":{"name":"us-central1-api"},"extension":{},"message":"[runtime-status] [21468] Resolved module firebase-functions {\"declared\":true,\"installed\":true,\"version\":\"5.0.1\",\"resolution\":\"C:\\\\Users\\\\avila\\\\Documents\\\\GitHub\\\\Amazon\\\\amazon-clone\\\\functions\\\\node_modules\\\\firebase-functions\\\\lib\\\\v1\\\\index.js\"}"}}
[debug] [2024-06-02T18:42:58.245Z] [runtime-status] [21468] firebase-admin has been stubbed. {"adminResolution":{"declared":true,"installed":true,"version":"12.1.1","resolution":"C:\\Users\\avila\\Documents\\GitHub\\Amazon\\amazon-clone\\functions\\node_modules\\firebase-admin\\lib\\index.js"}} {"metadata":{"emulator":{"name":"functions"},"function":{"name":"us-central1-api"},"extension":{},"message":"[runtime-status] [21468] firebase-admin has been stubbed. {\"adminResolution\":{\"declared\":true,\"installed\":true,\"version\":\"12.1.1\",\"resolution\":\"C:\\\\Users\\\\avila\\\\Documents\\\\GitHub\\\\Amazon\\\\amazon-clone\\\\functions\\\\node_modules\\\\firebase-admin\\\\lib\\\\index.js\"}}"}}
[debug] [2024-06-02T18:42:58.437Z] [runtime-status] [21672] Functions runtime initialized. {"cwd":"C:\\Users\\avila\\Documents\\GitHub\\Amazon\\amazon-clone\\functions","node_version":"20.13.1"} {"metadata":{"emulator":{"name":"functions"},"function":{"name":"us-central1-api"},"extension":{},"message":"[runtime-status] [21672] Functions runtime initialized. {\"cwd\":\"C:\\\\Users\\\\avila\\\\Documents\\\\GitHub\\\\Amazon\\\\amazon-clone\\\\functions\",\"node_version\":\"20.13.1\"}"}}
[debug] [2024-06-02T18:42:58.438Z] [runtime-status] [21672] Listening to port: \\?\pipe\fire_emu_38ad2fd62c982ed2 {"metadata":{"emulator":{"name":"functions"},"function":{"name":"us-central1-api"},"extension":{},"message":"[runtime-status] [21672] Listening to port: \\\\?\\pipe\\fire_emu_38ad2fd62c982ed2"}}
[debug] [2024-06-02T18:42:58.446Z] [runtime-status] [21468] Functions runtime initialized. {"cwd":"C:\\Users\\avila\\Documents\\GitHub\\Amazon\\amazon-clone\\functions","node_version":"20.13.1"} {"metadata":{"emulator":{"name":"functions"},"function":{"name":"us-central1-api"},"extension":{},"message":"[runtime-status] [21468] Functions runtime initialized. {\"cwd\":\"C:\\\\Users\\\\avila\\\\Documents\\\\GitHub\\\\Amazon\\\\amazon-clone\\\\functions\",\"node_version\":\"20.13.1\"}"}}
[debug] [2024-06-02T18:42:58.446Z] [runtime-status] [21468] Listening to port: \\?\pipe\fire_emu_935e4c68495cd2de {"metadata":{"emulator":{"name":"functions"},"function":{"name":"us-central1-api"},"extension":{},"message":"[runtime-status] [21468] Listening to port: \\\\?\\pipe\\fire_emu_935e4c68495cd2de"}}
[debug] [2024-06-02T18:42:58.487Z] [worker-us-central1-api-1f3aa46e-47cc-430b-ab6d-93eee4befcc5]: IDLE {"metadata":{"emulator":{"name":"functions"},"function":{"name":"us-central1-api"},"extension":{},"message":"[worker-us-central1-api-1f3aa46e-47cc-430b-ab6d-93eee4befcc5]: IDLE"}}
[debug] [2024-06-02T18:42:58.487Z] [worker-pool] submitRequest(triggerId=us-central1-api) {"metadata":{"emulator":{"name":"functions"},"message":"[worker-pool] submitRequest(triggerId=us-central1-api)"}}
[info] i  functions: Beginning execution of "us-central1-api" {"metadata":{"emulator":{"name":"functions"},"function":{"name":"us-central1-api"},"extension":{},"message":"Beginning execution of \"us-central1-api\""}}
[debug] [2024-06-02T18:42:58.488Z] [worker-us-central1-api-1f3aa46e-47cc-430b-ab6d-93eee4befcc5]: BUSY {"metadata":{"emulator":{"name":"functions"},"function":{"name":"us-central1-api"},"extension":{},"message":"[worker-us-central1-api-1f3aa46e-47cc-430b-ab6d-93eee4befcc5]: BUSY"}}
[debug] [2024-06-02T18:42:58.490Z] [worker-us-central1-api-212d4fa5-9603-421f-b8ee-3f344679c8e3]: IDLE {"metadata":{"emulator":{"name":"functions"},"function":{"name":"us-central1-api"},"extension":{},"message":"[worker-us-central1-api-212d4fa5-9603-421f-b8ee-3f344679c8e3]: IDLE"}}
[debug] [2024-06-02T18:42:58.490Z] [worker-pool] submitRequest(triggerId=us-central1-api) {"metadata":{"emulator":{"name":"functions"},"message":"[worker-pool] submitRequest(triggerId=us-central1-api)"}}
[info] i  functions: Beginning execution of "us-central1-api" {"metadata":{"emulator":{"name":"functions"},"function":{"name":"us-central1-api"},"extension":{},"message":"Beginning execution of \"us-central1-api\""}}
[debug] [2024-06-02T18:42:58.490Z] [worker-us-central1-api-212d4fa5-9603-421f-b8ee-3f344679c8e3]: BUSY {"metadata":{"emulator":{"name":"functions"},"function":{"name":"us-central1-api"},"extension":{},"message":"[worker-us-central1-api-212d4fa5-9603-421f-b8ee-3f344679c8e3]: BUSY"}}
[info] >  Payment Request Recived BOOM!! for this amount  >>>  94899 {"user":"Payment Request Recived BOOM!! for this amount  >>>  94899","metadata":{"emulator":{"name":"functions"},"function":{"name":"us-central1-api"},"extension":{},"message":"\u001b[90m> \u001b[39m Payment Request Recived BOOM!! for this amount  >>>  94899"}}
[info] >  Payment Request Recived BOOM!! for this amount  >>>  94899 {"user":"Payment Request Recived BOOM!! for this amount  >>>  94899","metadata":{"emulator":{"name":"functions"},"function":{"name":"us-central1-api"},"extension":{},"message":"\u001b[90m> \u001b[39m Payment Request Recived BOOM!! for this amount  >>>  94899"}}
[debug] [2024-06-02T18:42:58.941Z] Finishing up request with event=pause {"metadata":{"emulator":{"name":"functions"},"function":{"name":"us-central1-api"},"extension":{},"message":"Finishing up request with event=pause"}}
[info] i  functions: Finished "us-central1-api" in 450.5728ms {"metadata":{"emulator":{"name":"functions"},"function":{"name":"us-central1-api"},"extension":{},"message":"Finished \"us-central1-api\" in 450.5728ms"}}
[debug] [2024-06-02T18:42:58.941Z] [worker-us-central1-api-212d4fa5-9603-421f-b8ee-3f344679c8e3]: IDLE {"metadata":{"emulator":{"name":"functions"},"function":{"name":"us-central1-api"},"extension":{},"message":"[worker-us-central1-api-212d4fa5-9603-421f-b8ee-3f344679c8e3]: IDLE"}}
[debug] [2024-06-02T18:42:58.941Z] Finishing up request with event=finish {"metadata":{"emulator":{"name":"functions"},"function":{"name":"us-central1-api"},"extension":{},"message":"Finishing up request with event=finish"}}
[debug] [2024-06-02T18:42:58.942Z] Finishing up request with event=close {"metadata":{"emulator":{"name":"functions"},"function":{"name":"us-central1-api"},"extension":{},"message":"Finishing up request with event=close"}}
[debug] [2024-06-02T18:42:58.942Z] [work-queue] {"queuedWork":[],"queueLength":0,"runningWork":["/challenge-58bbd/us-central1/api/payments/create-2024-06-02T18:42:56.818Z"],"workRunningCount":1}
[debug] [2024-06-02T18:42:58.948Z] Finishing up request with event=pause {"metadata":{"emulator":{"name":"functions"},"function":{"name":"us-central1-api"},"extension":{},"message":"Finishing up request with event=pause"}}
[info] i  functions: Finished "us-central1-api" in 459.876ms {"metadata":{"emulator":{"name":"functions"},"function":{"name":"us-central1-api"},"extension":{},"message":"Finished \"us-central1-api\" in 459.876ms"}}
[debug] [2024-06-02T18:42:58.949Z] [worker-us-central1-api-1f3aa46e-47cc-430b-ab6d-93eee4befcc5]: IDLE {"metadata":{"emulator":{"name":"functions"},"function":{"name":"us-central1-api"},"extension":{},"message":"[worker-us-central1-api-1f3aa46e-47cc-430b-ab6d-93eee4befcc5]: IDLE"}}
[debug] [2024-06-02T18:42:58.949Z] Finishing up request with event=finish {"metadata":{"emulator":{"name":"functions"},"function":{"name":"us-central1-api"},"extension":{},"message":"Finishing up request with event=finish"}}
[debug] [2024-06-02T18:42:58.949Z] Finishing up request with event=close {"metadata":{"emulator":{"name":"functions"},"function":{"name":"us-central1-api"},"extension":{},"message":"Finishing up request with event=close"}}
[debug] [2024-06-02T18:42:58.949Z] [work-queue] {"queuedWork":[],"queueLength":0,"runningWork":[],"workRunningCount":0}
[debug] [2024-06-02T18:43:07.704Z] [work-queue] {"queuedWork":["/challenge-58bbd/us-central1/api/payments/create-2024-06-02T18:43:07.704Z"],"queueLength":1,"runningWork":[],"workRunningCount":0}
[debug] [2024-06-02T18:43:07.704Z] [work-queue] {"queuedWork":[],"queueLength":0,"runningWork":["/challenge-58bbd/us-central1/api/payments/create-2024-06-02T18:43:07.704Z"],"workRunningCount":1}
[debug] [2024-06-02T18:43:07.704Z] Accepted request POST /challenge-58bbd/us-central1/api/payments/create?total=2999 --> us-central1-api
[debug] [2024-06-02T18:43:07.705Z] [functions] Runtime ready! Sending request! {"metadata":{"emulator":{"name":"functions"},"message":"[functions] Runtime ready! Sending request!"}}
[debug] [2024-06-02T18:43:07.705Z] [functions] Got req.url=/challenge-58bbd/us-central1/api/payments/create?total=2999, mapping to path=/payments/create?total=2999 {"metadata":{"emulator":{"name":"functions"},"message":"[functions] Got req.url=/challenge-58bbd/us-central1/api/payments/create?total=2999, mapping to path=/payments/create?total=2999"}}
[debug] [2024-06-02T18:43:07.705Z] [worker-pool] submitRequest(triggerId=us-central1-api) {"metadata":{"emulator":{"name":"functions"},"message":"[worker-pool] submitRequest(triggerId=us-central1-api)"}}
[info] i  functions: Beginning execution of "us-central1-api" {"metadata":{"emulator":{"name":"functions"},"function":{"name":"us-central1-api"},"extension":{},"message":"Beginning execution of \"us-central1-api\""}}
[debug] [2024-06-02T18:43:07.705Z] [worker-us-central1-api-1f3aa46e-47cc-430b-ab6d-93eee4befcc5]: BUSY {"metadata":{"emulator":{"name":"functions"},"function":{"name":"us-central1-api"},"extension":{},"message":"[worker-us-central1-api-1f3aa46e-47cc-430b-ab6d-93eee4befcc5]: BUSY"}}
[debug] [2024-06-02T18:43:07.707Z] [work-queue] {"queuedWork":["/challenge-58bbd/us-central1/api/payments/create-2024-06-02T18:43:07.707Z"],"queueLength":1,"runningWork":["/challenge-58bbd/us-central1/api/payments/create-2024-06-02T18:43:07.704Z"],"workRunningCount":1}
[debug] [2024-06-02T18:43:07.707Z] [work-queue] {"queuedWork":[],"queueLength":0,"runningWork":["/challenge-58bbd/us-central1/api/payments/create-2024-06-02T18:43:07.704Z","/challenge-58bbd/us-central1/api/payments/create-2024-06-02T18:43:07.707Z"],"workRunningCount":2}
[debug] [2024-06-02T18:43:07.707Z] Accepted request POST /challenge-58bbd/us-central1/api/payments/create?total=2999 --> us-central1-api
[debug] [2024-06-02T18:43:07.707Z] [functions] Runtime ready! Sending request! {"metadata":{"emulator":{"name":"functions"},"message":"[functions] Runtime ready! Sending request!"}}
[debug] [2024-06-02T18:43:07.708Z] [functions] Got req.url=/challenge-58bbd/us-central1/api/payments/create?total=2999, mapping to path=/payments/create?total=2999 {"metadata":{"emulator":{"name":"functions"},"message":"[functions] Got req.url=/challenge-58bbd/us-central1/api/payments/create?total=2999, mapping to path=/payments/create?total=2999"}}
[debug] [2024-06-02T18:43:07.708Z] [worker-pool] submitRequest(triggerId=us-central1-api) {"metadata":{"emulator":{"name":"functions"},"message":"[worker-pool] submitRequest(triggerId=us-central1-api)"}}
[info] i  functions: Beginning execution of "us-central1-api" {"metadata":{"emulator":{"name":"functions"},"function":{"name":"us-central1-api"},"extension":{},"message":"Beginning execution of \"us-central1-api\""}}
[debug] [2024-06-02T18:43:07.708Z] [worker-us-central1-api-212d4fa5-9603-421f-b8ee-3f344679c8e3]: BUSY {"metadata":{"emulator":{"name":"functions"},"function":{"name":"us-central1-api"},"extension":{},"message":"[worker-us-central1-api-212d4fa5-9603-421f-b8ee-3f344679c8e3]: BUSY"}}
[info] >  Payment Request Recived BOOM!! for this amount  >>>  2999 {"user":"Payment Request Recived BOOM!! for this amount  >>>  2999","metadata":{"emulator":{"name":"functions"},"function":{"name":"us-central1-api"},"extension":{},"message":"\u001b[90m> \u001b[39m Payment Request Recived BOOM!! for this amount  >>>  2999"}}
[info] >  Payment Request Recived BOOM!! for this amount  >>>  2999 {"user":"Payment Request Recived BOOM!! for this amount  >>>  2999","metadata":{"emulator":{"name":"functions"},"function":{"name":"us-central1-api"},"extension":{},"message":"\u001b[90m> \u001b[39m Payment Request Recived BOOM!! for this amount  >>>  2999"}}
[debug] [2024-06-02T18:43:07.982Z] Finishing up request with event=pause {"metadata":{"emulator":{"name":"functions"},"function":{"name":"us-central1-api"},"extension":{},"message":"Finishing up request with event=pause"}}
[info] i  functions: Finished "us-central1-api" in 276.6205ms {"metadata":{"emulator":{"name":"functions"},"function":{"name":"us-central1-api"},"extension":{},"message":"Finished \"us-central1-api\" in 276.6205ms"}}
[debug] [2024-06-02T18:43:07.982Z] [worker-us-central1-api-1f3aa46e-47cc-430b-ab6d-93eee4befcc5]: IDLE {"metadata":{"emulator":{"name":"functions"},"function":{"name":"us-central1-api"},"extension":{},"message":"[worker-us-central1-api-1f3aa46e-47cc-430b-ab6d-93eee4befcc5]: IDLE"}}
[debug] [2024-06-02T18:43:07.982Z] Finishing up request with event=finish {"metadata":{"emulator":{"name":"functions"},"function":{"name":"us-central1-api"},"extension":{},"message":"Finishing up request with event=finish"}}
[debug] [2024-06-02T18:43:07.983Z] Finishing up request with event=close {"metadata":{"emulator":{"name":"functions"},"function":{"name":"us-central1-api"},"extension":{},"message":"Finishing up request with event=close"}}
[debug] [2024-06-02T18:43:07.983Z] [work-queue] {"queuedWork":[],"queueLength":0,"runningWork":["/challenge-58bbd/us-central1/api/payments/create-2024-06-02T18:43:07.707Z"],"workRunningCount":1}
[debug] [2024-06-02T18:43:08.010Z] Finishing up request with event=pause {"metadata":{"emulator":{"name":"functions"},"function":{"name":"us-central1-api"},"extension":{},"message":"Finishing up request with event=pause"}}
[info] i  functions: Finished "us-central1-api" in 301.8909ms {"metadata":{"emulator":{"name":"functions"},"function":{"name":"us-central1-api"},"extension":{},"message":"Finished \"us-central1-api\" in 301.8909ms"}}
[debug] [2024-06-02T18:43:08.011Z] [worker-us-central1-api-212d4fa5-9603-421f-b8ee-3f344679c8e3]: IDLE {"metadata":{"emulator":{"name":"functions"},"function":{"name":"us-central1-api"},"extension":{},"message":"[worker-us-central1-api-212d4fa5-9603-421f-b8ee-3f344679c8e3]: IDLE"}}
[debug] [2024-06-02T18:43:08.011Z] Finishing up request with event=finish {"metadata":{"emulator":{"name":"functions"},"function":{"name":"us-central1-api"},"extension":{},"message":"Finishing up request with event=finish"}}
[debug] [2024-06-02T18:43:08.011Z] Finishing up request with event=close {"metadata":{"emulator":{"name":"functions"},"function":{"name":"us-central1-api"},"extension":{},"message":"Finishing up request with event=close"}}
[debug] [2024-06-02T18:43:08.011Z] [work-queue] {"queuedWork":[],"queueLength":0,"runningWork":[],"workRunningCount":0}
[debug] [2024-06-02T18:54:01.324Z] [work-queue] {"queuedWork":["/challenge-58bbd/us-central1/api/payments/create-2024-06-02T18:54:01.324Z"],"queueLength":1,"runningWork":[],"workRunningCount":0}
[debug] [2024-06-02T18:54:01.325Z] [work-queue] {"queuedWork":[],"queueLength":0,"runningWork":["/challenge-58bbd/us-central1/api/payments/create-2024-06-02T18:54:01.324Z"],"workRunningCount":1}
[debug] [2024-06-02T18:54:01.325Z] Accepted request POST /challenge-58bbd/us-central1/api/payments/create?total=1129399 --> us-central1-api
[debug] [2024-06-02T18:54:01.325Z] [functions] Runtime ready! Sending request! {"metadata":{"emulator":{"name":"functions"},"message":"[functions] Runtime ready! Sending request!"}}
[debug] [2024-06-02T18:54:01.325Z] [functions] Got req.url=/challenge-58bbd/us-central1/api/payments/create?total=1129399, mapping to path=/payments/create?total=1129399 {"metadata":{"emulator":{"name":"functions"},"message":"[functions] Got req.url=/challenge-58bbd/us-central1/api/payments/create?total=1129399, mapping to path=/payments/create?total=1129399"}}
[debug] [2024-06-02T18:54:01.326Z] [worker-pool] submitRequest(triggerId=us-central1-api) {"metadata":{"emulator":{"name":"functions"},"message":"[worker-pool] submitRequest(triggerId=us-central1-api)"}}
[info] i  functions: Beginning execution of "us-central1-api" {"metadata":{"emulator":{"name":"functions"},"function":{"name":"us-central1-api"},"extension":{},"message":"Beginning execution of \"us-central1-api\""}}
[debug] [2024-06-02T18:54:01.326Z] [worker-us-central1-api-1f3aa46e-47cc-430b-ab6d-93eee4befcc5]: BUSY {"metadata":{"emulator":{"name":"functions"},"function":{"name":"us-central1-api"},"extension":{},"message":"[worker-us-central1-api-1f3aa46e-47cc-430b-ab6d-93eee4befcc5]: BUSY"}}
[debug] [2024-06-02T18:54:01.327Z] [work-queue] {"queuedWork":["/challenge-58bbd/us-central1/api/payments/create-2024-06-02T18:54:01.327Z"],"queueLength":1,"runningWork":["/challenge-58bbd/us-central1/api/payments/create-2024-06-02T18:54:01.324Z"],"workRunningCount":1}
[debug] [2024-06-02T18:54:01.327Z] [work-queue] {"queuedWork":[],"queueLength":0,"runningWork":["/challenge-58bbd/us-central1/api/payments/create-2024-06-02T18:54:01.324Z","/challenge-58bbd/us-central1/api/payments/create-2024-06-02T18:54:01.327Z"],"workRunningCount":2}
[debug] [2024-06-02T18:54:01.327Z] Accepted request POST /challenge-58bbd/us-central1/api/payments/create?total=1129399 --> us-central1-api
[debug] [2024-06-02T18:54:01.327Z] [functions] Runtime ready! Sending request! {"metadata":{"emulator":{"name":"functions"},"message":"[functions] Runtime ready! Sending request!"}}
[debug] [2024-06-02T18:54:01.328Z] [functions] Got req.url=/challenge-58bbd/us-central1/api/payments/create?total=1129399, mapping to path=/payments/create?total=1129399 {"metadata":{"emulator":{"name":"functions"},"message":"[functions] Got req.url=/challenge-58bbd/us-central1/api/payments/create?total=1129399, mapping to path=/payments/create?total=1129399"}}
[debug] [2024-06-02T18:54:01.328Z] [worker-pool] submitRequest(triggerId=us-central1-api) {"metadata":{"emulator":{"name":"functions"},"message":"[worker-pool] submitRequest(triggerId=us-central1-api)"}}
[info] i  functions: Beginning execution of "us-central1-api" {"metadata":{"emulator":{"name":"functions"},"function":{"name":"us-central1-api"},"extension":{},"message":"Beginning execution of \"us-central1-api\""}}
[debug] [2024-06-02T18:54:01.328Z] [worker-us-central1-api-212d4fa5-9603-421f-b8ee-3f344679c8e3]: BUSY {"metadata":{"emulator":{"name":"functions"},"function":{"name":"us-central1-api"},"extension":{},"message":"[worker-us-central1-api-212d4fa5-9603-421f-b8ee-3f344679c8e3]: BUSY"}}
[info] >  Payment Request Recived BOOM!! for this amount  >>>  1129399 {"user":"Payment Request Recived BOOM!! for this amount  >>>  1129399","metadata":{"emulator":{"name":"functions"},"function":{"name":"us-central1-api"},"extension":{},"message":"\u001b[90m> \u001b[39m Payment Request Recived BOOM!! for this amount  >>>  1129399"}}
[info] >  Payment Request Recived BOOM!! for this amount  >>>  1129399 {"user":"Payment Request Recived BOOM!! for this amount  >>>  1129399","metadata":{"emulator":{"name":"functions"},"function":{"name":"us-central1-api"},"extension":{},"message":"\u001b[90m> \u001b[39m Payment Request Recived BOOM!! for this amount  >>>  1129399"}}
[debug] [2024-06-02T18:54:01.732Z] Finishing up request with event=pause {"metadata":{"emulator":{"name":"functions"},"function":{"name":"us-central1-api"},"extension":{},"message":"Finishing up request with event=pause"}}
[info] i  functions: Finished "us-central1-api" in 404.2815ms {"metadata":{"emulator":{"name":"functions"},"function":{"name":"us-central1-api"},"extension":{},"message":"Finished \"us-central1-api\" in 404.2815ms"}}
[debug] [2024-06-02T18:54:01.733Z] [worker-us-central1-api-212d4fa5-9603-421f-b8ee-3f344679c8e3]: IDLE {"metadata":{"emulator":{"name":"functions"},"function":{"name":"us-central1-api"},"extension":{},"message":"[worker-us-central1-api-212d4fa5-9603-421f-b8ee-3f344679c8e3]: IDLE"}}
[debug] [2024-06-02T18:54:01.733Z] Finishing up request with event=finish {"metadata":{"emulator":{"name":"functions"},"function":{"name":"us-central1-api"},"extension":{},"message":"Finishing up request with event=finish"}}
[debug] [2024-06-02T18:54:01.733Z] Finishing up request with event=close {"metadata":{"emulator":{"name":"functions"},"function":{"name":"us-central1-api"},"extension":{},"message":"Finishing up request with event=close"}}
[debug] [2024-06-02T18:54:01.733Z] [work-queue] {"queuedWork":[],"queueLength":0,"runningWork":["/challenge-58bbd/us-central1/api/payments/create-2024-06-02T18:54:01.324Z"],"workRunningCount":1}
[debug] [2024-06-02T18:54:01.733Z] Finishing up request with event=pause {"metadata":{"emulator":{"name":"functions"},"function":{"name":"us-central1-api"},"extension":{},"message":"Finishing up request with event=pause"}}
[info] i  functions: Finished "us-central1-api" in 407.4788ms {"metadata":{"emulator":{"name":"functions"},"function":{"name":"us-central1-api"},"extension":{},"message":"Finished \"us-central1-api\" in 407.4788ms"}}
[debug] [2024-06-02T18:54:01.734Z] [worker-us-central1-api-1f3aa46e-47cc-430b-ab6d-93eee4befcc5]: IDLE {"metadata":{"emulator":{"name":"functions"},"function":{"name":"us-central1-api"},"extension":{},"message":"[worker-us-central1-api-1f3aa46e-47cc-430b-ab6d-93eee4befcc5]: IDLE"}}
[debug] [2024-06-02T18:54:01.734Z] Finishing up request with event=finish {"metadata":{"emulator":{"name":"functions"},"function":{"name":"us-central1-api"},"extension":{},"message":"Finishing up request with event=finish"}}
[debug] [2024-06-02T18:54:01.734Z] Finishing up request with event=close {"metadata":{"emulator":{"name":"functions"},"function":{"name":"us-central1-api"},"extension":{},"message":"Finishing up request with event=close"}}
[debug] [2024-06-02T18:54:01.734Z] [work-queue] {"queuedWork":[],"queueLength":0,"runningWork":[],"workRunningCount":0}
